17:16:43 connect(ffba_prod@ffba_prod); useCount: 0
17:16:43 task(upload)/start
17:16:43 task(upload): SELECT * FROM ffba_pos p WHERE p.is_active IS TRUE AND p.id in (1)
17:16:43 task(upload): SELECT r.id, r.table_name, coalesce(r.last_repl_up_id, -1) AS last_repl_up_id, coalesce(r.last_repl_down_id, -1) AS last_repl_down_id, coalesce(r.last_upld_srv_id, -1) AS last_upld_srv_id, d.insert_order, d.ident_cols, r.repl_up_table_name, r.repl_down_table_name, d.versions FROM ffba_pos_repl_table AS r LEFT JOIN ffba_pos_table_def AS d ON r.table_name = d.table_name WHERE r.pos_id = 1 AND r.last_repl_up_id > coalesce(r.last_upld_srv_id, 0) ORDER BY d.insert_order
17:16:43 task(upload): SELECT max(r$_id) FROM r$u003_00001_stockcurrent     
17:16:43 task(upload): SELECT c.relname AS obj_name, a.attname AS col_name, pg_catalog.format_type(a.atttypid, a.atttypmod) AS col_type, a.attnum AS col_num, a.attnotnull AS not_null FROM pg_catalog.pg_attribute a, pg_catalog.pg_namespace n, pg_catalog.pg_class c WHERE c.relname in ('r$u003_00001_stockcurrent') AND n.oid = c.relnamespace AND a.attrelid = c.oid AND a.attnum > 0 AND NOT a.attisdropped ORDER BY c.relname, a.attnum
17:16:44 connect(ffba_prod@ffba_prod); useCount: 0
17:16:44 tx(upload_table)/start
17:16:44 tx(upload_table): begin
17:16:44 tx(upload_table): SELECT ctid, coalesce(last_upld_srv_id, -1) AS last_upld_srv_id FROM ffba_pos_repl_table WHERE pos_id = 1 AND table_name = 'stockcurrent' FOR UPDATE
17:16:44 tx(upload_table): SELECT location, product, attributesetinstance_id, units, sflag, siteguid, r$_id, r$_op, r$_create_dt FROM r$u003_00001_stockcurrent  WHERE r$_id > 660    ORDER BY r$_id LIMIT 100
17:16:44 tx(upload_table): UPDATE r$_stockcurrent SET attributesetinstance_id = null, units = -112.4, sflag = true WHERE location = '0' AND product = '068325cf-4a73-4649-818c-51a40ee01619' AND siteguid = '2da8b8e5-7a47-4f1f-a950-ec140dc87a72'
17:16:44 tx(upload_table): UPDATE r$_stockcurrent SET attributesetinstance_id = null, units = -80.4000000000001, sflag = true WHERE location = '0' AND product = '03b15c73-2c1d-4ef9-a2b9-4cf62dcedb8c' AND siteguid = '2da8b8e5-7a47-4f1f-a950-ec140dc87a72'
17:16:44 tx(upload_table): UPDATE r$_stockcurrent SET attributesetinstance_id = null, units = -81.3000000000001, sflag = true WHERE location = '0' AND product = '03b15c73-2c1d-4ef9-a2b9-4cf62dcedb8c' AND siteguid = '2da8b8e5-7a47-4f1f-a950-ec140dc87a72'
17:16:44 tx(upload_table): UPDATE r$_stockcurrent SET attributesetinstance_id = null, units = -82.2000000000001, sflag = true WHERE location = '0' AND product = '03b15c73-2c1d-4ef9-a2b9-4cf62dcedb8c' AND siteguid = '2da8b8e5-7a47-4f1f-a950-ec140dc87a72'
17:16:44 tx(upload_table): UPDATE r$_stockcurrent SET attributesetinstance_id = null, units = -83.1000000000001, sflag = true WHERE location = '0' AND product = '03b15c73-2c1d-4ef9-a2b9-4cf62dcedb8c' AND siteguid = '2da8b8e5-7a47-4f1f-a950-ec140dc87a72'
17:16:44 tx(upload_table): UPDATE r$_stockcurrent SET attributesetinstance_id = null, units = -88.2000000000001, sflag = true WHERE location = '0' AND product = 'd3729116-3a39-41d4-8a20-708d9ad3cf59' AND siteguid = '2da8b8e5-7a47-4f1f-a950-ec140dc87a72'
17:16:44 tx(upload_table): UPDATE r$_stockcurrent SET attributesetinstance_id = null, units = -89.1000000000001, sflag = true WHERE location = '0' AND product = 'd3729116-3a39-41d4-8a20-708d9ad3cf59' AND siteguid = '2da8b8e5-7a47-4f1f-a950-ec140dc87a72'
17:16:44 tx(upload_table): UPDATE r$_stockcurrent SET attributesetinstance_id = null, units = -113.3, sflag = true WHERE location = '0' AND product = '068325cf-4a73-4649-818c-51a40ee01619' AND siteguid = '2da8b8e5-7a47-4f1f-a950-ec140dc87a72'
17:16:44 tx(upload_table): UPDATE r$_stockcurrent SET attributesetinstance_id = null, units = -114.2, sflag = true WHERE location = '0' AND product = '068325cf-4a73-4649-818c-51a40ee01619' AND siteguid = '2da8b8e5-7a47-4f1f-a950-ec140dc87a72'
17:16:44 tx(upload_table): UPDATE r$_stockcurrent SET attributesetinstance_id = null, units = -90.1000000000001, sflag = true WHERE location = '0' AND product = 'd3729116-3a39-41d4-8a20-708d9ad3cf59' AND siteguid = '2da8b8e5-7a47-4f1f-a950-ec140dc87a72'
17:16:44 tx(upload_table): UPDATE r$_stockcurrent SET attributesetinstance_id = null, units = -91.1000000000001, sflag = true WHERE location = '0' AND product = 'd3729116-3a39-41d4-8a20-708d9ad3cf59' AND siteguid = '2da8b8e5-7a47-4f1f-a950-ec140dc87a72'
17:16:44 tx(upload_table): UPDATE r$_stockcurrent SET attributesetinstance_id = null, units = -92.1000000000001, sflag = true WHERE location = '0' AND product = 'd3729116-3a39-41d4-8a20-708d9ad3cf59' AND siteguid = '2da8b8e5-7a47-4f1f-a950-ec140dc87a72'
17:16:44 tx(upload_table): UPDATE r$_stockcurrent SET attributesetinstance_id = null, units = -26.1, sflag = true WHERE location = '0' AND product = 'd25ade5d-b0e3-4a89-a7fa-9cf395ac658a' AND siteguid = '2da8b8e5-7a47-4f1f-a950-ec140dc87a72'
17:16:45 tx(upload_table): UPDATE r$_stockcurrent SET attributesetinstance_id = null, units = -93.1000000000001, sflag = true WHERE location = '0' AND product = 'd3729116-3a39-41d4-8a20-708d9ad3cf59' AND siteguid = '2da8b8e5-7a47-4f1f-a950-ec140dc87a72'
17:16:45 tx(upload_table): UPDATE r$_stockcurrent SET attributesetinstance_id = null, units = -94.1000000000001, sflag = true WHERE location = '0' AND product = 'd3729116-3a39-41d4-8a20-708d9ad3cf59' AND siteguid = '2da8b8e5-7a47-4f1f-a950-ec140dc87a72'
17:16:45 tx(upload_table): UPDATE r$_stockcurrent SET attributesetinstance_id = null, units = -95.1000000000001, sflag = true WHERE location = '0' AND product = 'd3729116-3a39-41d4-8a20-708d9ad3cf59' AND siteguid = '2da8b8e5-7a47-4f1f-a950-ec140dc87a72'
17:16:45 tx(upload_table): UPDATE r$_stockcurrent SET attributesetinstance_id = null, units = -115.1, sflag = true WHERE location = '0' AND product = '068325cf-4a73-4649-818c-51a40ee01619' AND siteguid = '2da8b8e5-7a47-4f1f-a950-ec140dc87a72'
17:16:45 tx(upload_table): UPDATE r$_stockcurrent SET attributesetinstance_id = null, units = -27.1, sflag = true WHERE location = '0' AND product = 'd25ade5d-b0e3-4a89-a7fa-9cf395ac658a' AND siteguid = '2da8b8e5-7a47-4f1f-a950-ec140dc87a72'
17:16:46 tx(upload_table): UPDATE r$_stockcurrent SET attributesetinstance_id = null, units = -28.1, sflag = true WHERE location = '0' AND product = 'd25ade5d-b0e3-4a89-a7fa-9cf395ac658a' AND siteguid = '2da8b8e5-7a47-4f1f-a950-ec140dc87a72'
17:16:46 tx(upload_table): UPDATE r$_stockcurrent SET attributesetinstance_id = null, units = -116.1, sflag = true WHERE location = '0' AND product = '068325cf-4a73-4649-818c-51a40ee01619' AND siteguid = '2da8b8e5-7a47-4f1f-a950-ec140dc87a72'
17:16:46 tx(upload_table): UPDATE r$_stockcurrent SET attributesetinstance_id = null, units = -117.1, sflag = true WHERE location = '0' AND product = '068325cf-4a73-4649-818c-51a40ee01619' AND siteguid = '2da8b8e5-7a47-4f1f-a950-ec140dc87a72'
17:16:46 tx(upload_table): UPDATE r$_stockcurrent SET attributesetinstance_id = null, units = -96.1000000000001, sflag = true WHERE location = '0' AND product = 'd3729116-3a39-41d4-8a20-708d9ad3cf59' AND siteguid = '2da8b8e5-7a47-4f1f-a950-ec140dc87a72'
17:16:46 tx(upload_table): UPDATE r$_stockcurrent SET attributesetinstance_id = null, units = -97.1000000000001, sflag = true WHERE location = '0' AND product = 'd3729116-3a39-41d4-8a20-708d9ad3cf59' AND siteguid = '2da8b8e5-7a47-4f1f-a950-ec140dc87a72'
17:16:46 tx(upload_table): UPDATE r$_stockcurrent SET attributesetinstance_id = null, units = -118.1, sflag = true WHERE location = '0' AND product = '068325cf-4a73-4649-818c-51a40ee01619' AND siteguid = '2da8b8e5-7a47-4f1f-a950-ec140dc87a72'
17:16:46 tx(upload_table): UPDATE r$_stockcurrent SET attributesetinstance_id = null, units = -119.1, sflag = true WHERE location = '0' AND product = '068325cf-4a73-4649-818c-51a40ee01619' AND siteguid = '2da8b8e5-7a47-4f1f-a950-ec140dc87a72'
17:16:46 tx(upload_table): UPDATE r$_stockcurrent SET attributesetinstance_id = null, units = -120.1, sflag = true WHERE location = '0' AND product = '068325cf-4a73-4649-818c-51a40ee01619' AND siteguid = '2da8b8e5-7a47-4f1f-a950-ec140dc87a72'
17:16:46 tx(upload_table): UPDATE r$_stockcurrent SET attributesetinstance_id = null, units = -121.1, sflag = true WHERE location = '0' AND product = '068325cf-4a73-4649-818c-51a40ee01619' AND siteguid = '2da8b8e5-7a47-4f1f-a950-ec140dc87a72'
17:16:46 tx(upload_table): UPDATE r$_stockcurrent SET attributesetinstance_id = null, units = -84.1000000000001, sflag = true WHERE location = '0' AND product = '03b15c73-2c1d-4ef9-a2b9-4cf62dcedb8c' AND siteguid = '2da8b8e5-7a47-4f1f-a950-ec140dc87a72'
17:16:46 tx(upload_table): UPDATE r$_stockcurrent SET attributesetinstance_id = null, units = -48.4, sflag = true WHERE location = '0' AND product = '018a4943-8bc9-4760-bb0c-152133dbd3e3' AND siteguid = '2da8b8e5-7a47-4f1f-a950-ec140dc87a72'
17:16:46 tx(upload_table): UPDATE r$_stockcurrent SET attributesetinstance_id = null, units = -49.4, sflag = true WHERE location = '0' AND product = '018a4943-8bc9-4760-bb0c-152133dbd3e3' AND siteguid = '2da8b8e5-7a47-4f1f-a950-ec140dc87a72'
17:16:46 tx(upload_table): UPDATE r$_stockcurrent SET attributesetinstance_id = null, units = -45.5, sflag = true WHERE location = '0' AND product = '0e0f5b40-d25d-466b-94f2-18308ca85810' AND siteguid = '2da8b8e5-7a47-4f1f-a950-ec140dc87a72'
17:16:46 tx(upload_table): UPDATE r$_stockcurrent SET attributesetinstance_id = null, units = -46.5, sflag = true WHERE location = '0' AND product = '0e0f5b40-d25d-466b-94f2-18308ca85810' AND siteguid = '2da8b8e5-7a47-4f1f-a950-ec140dc87a72'
17:16:46 tx(upload_table): UPDATE r$_stockcurrent SET attributesetinstance_id = null, units = -47.5, sflag = true WHERE location = '0' AND product = '0e0f5b40-d25d-466b-94f2-18308ca85810' AND siteguid = '2da8b8e5-7a47-4f1f-a950-ec140dc87a72'
17:16:46 tx(upload_table): UPDATE r$_stockcurrent SET attributesetinstance_id = null, units = -85.1000000000001, sflag = true WHERE location = '0' AND product = '03b15c73-2c1d-4ef9-a2b9-4cf62dcedb8c' AND siteguid = '2da8b8e5-7a47-4f1f-a950-ec140dc87a72'
17:16:46 tx(upload_table): UPDATE r$_stockcurrent SET attributesetinstance_id = null, units = -86.0000000000001, sflag = true WHERE location = '0' AND product = '03b15c73-2c1d-4ef9-a2b9-4cf62dcedb8c' AND siteguid = '2da8b8e5-7a47-4f1f-a950-ec140dc87a72'
17:16:46 tx(upload_table): UPDATE r$_stockcurrent SET attributesetinstance_id = null, units = -86.9000000000001, sflag = true WHERE location = '0' AND product = '03b15c73-2c1d-4ef9-a2b9-4cf62dcedb8c' AND siteguid = '2da8b8e5-7a47-4f1f-a950-ec140dc87a72'
17:16:46 tx(upload_table): UPDATE r$_stockcurrent SET attributesetinstance_id = null, units = -50.3, sflag = true WHERE location = '0' AND product = '018a4943-8bc9-4760-bb0c-152133dbd3e3' AND siteguid = '2da8b8e5-7a47-4f1f-a950-ec140dc87a72'
17:16:47 tx(upload_table): UPDATE r$_stockcurrent SET attributesetinstance_id = null, units = -51.2, sflag = true WHERE location = '0' AND product = '018a4943-8bc9-4760-bb0c-152133dbd3e3' AND siteguid = '2da8b8e5-7a47-4f1f-a950-ec140dc87a72'
17:16:47 tx(upload_table): UPDATE r$_stockcurrent SET attributesetinstance_id = null, units = -87.8000000000001, sflag = true WHERE location = '0' AND product = '03b15c73-2c1d-4ef9-a2b9-4cf62dcedb8c' AND siteguid = '2da8b8e5-7a47-4f1f-a950-ec140dc87a72'
17:16:47 tx(upload_table): UPDATE r$_stockcurrent SET attributesetinstance_id = null, units = -122, sflag = true WHERE location = '0' AND product = '068325cf-4a73-4649-818c-51a40ee01619' AND siteguid = '2da8b8e5-7a47-4f1f-a950-ec140dc87a72'
17:16:47 tx(upload_table): UPDATE r$_stockcurrent SET attributesetinstance_id = null, units = -122.9, sflag = true WHERE location = '0' AND product = '068325cf-4a73-4649-818c-51a40ee01619' AND siteguid = '2da8b8e5-7a47-4f1f-a950-ec140dc87a72'
17:16:47 tx(upload_table): UPDATE r$_stockcurrent SET attributesetinstance_id = null, units = -91.8000000000001, sflag = true WHERE location = '0' AND product = '03b15c73-2c1d-4ef9-a2b9-4cf62dcedb8c' AND siteguid = '2da8b8e5-7a47-4f1f-a950-ec140dc87a72'
17:16:47 tx(upload_table): UPDATE r$_stockcurrent SET attributesetinstance_id = null, units = -123.7, sflag = true WHERE location = '0' AND product = '068325cf-4a73-4649-818c-51a40ee01619' AND siteguid = '2da8b8e5-7a47-4f1f-a950-ec140dc87a72'
17:16:47 tx(upload_table): UPDATE r$_stockcurrent SET attributesetinstance_id = null, units = -124.5, sflag = true WHERE location = '0' AND product = '068325cf-4a73-4649-818c-51a40ee01619' AND siteguid = '2da8b8e5-7a47-4f1f-a950-ec140dc87a72'
17:16:47 tx(upload_table): UPDATE r$_stockcurrent SET attributesetinstance_id = null, units = -97.9000000000001, sflag = true WHERE location = '0' AND product = 'd3729116-3a39-41d4-8a20-708d9ad3cf59' AND siteguid = '2da8b8e5-7a47-4f1f-a950-ec140dc87a72'
17:16:47 tx(upload_table): UPDATE r$_stockcurrent SET attributesetinstance_id = null, units = -98.7000000000001, sflag = true WHERE location = '0' AND product = 'd3729116-3a39-41d4-8a20-708d9ad3cf59' AND siteguid = '2da8b8e5-7a47-4f1f-a950-ec140dc87a72'
17:16:47 tx(upload_table): UPDATE r$_stockcurrent SET attributesetinstance_id = null, units = -92.7000000000001, sflag = true WHERE location = '0' AND product = '03b15c73-2c1d-4ef9-a2b9-4cf62dcedb8c' AND siteguid = '2da8b8e5-7a47-4f1f-a950-ec140dc87a72'
17:16:47 tx(upload_table): UPDATE r$_stockcurrent SET attributesetinstance_id = null, units = -93.6000000000001, sflag = true WHERE location = '0' AND product = '03b15c73-2c1d-4ef9-a2b9-4cf62dcedb8c' AND siteguid = '2da8b8e5-7a47-4f1f-a950-ec140dc87a72'
17:16:47 tx(upload_table): UPDATE r$_stockcurrent SET attributesetinstance_id = null, units = -94.5000000000001, sflag = true WHERE location = '0' AND product = '03b15c73-2c1d-4ef9-a2b9-4cf62dcedb8c' AND siteguid = '2da8b8e5-7a47-4f1f-a950-ec140dc87a72'
17:16:47 tx(upload_table): UPDATE r$_stockcurrent SET attributesetinstance_id = null, units = -48.4, sflag = true WHERE location = '0' AND product = '0e0f5b40-d25d-466b-94f2-18308ca85810' AND siteguid = '2da8b8e5-7a47-4f1f-a950-ec140dc87a72'
17:16:47 tx(upload_table): UPDATE r$_stockcurrent SET attributesetinstance_id = null, units = -49.3, sflag = true WHERE location = '0' AND product = '0e0f5b40-d25d-466b-94f2-18308ca85810' AND siteguid = '2da8b8e5-7a47-4f1f-a950-ec140dc87a72'
17:16:47 tx(upload_table): UPDATE r$_stockcurrent SET attributesetinstance_id = null, units = -50.2, sflag = true WHERE location = '0' AND product = '0e0f5b40-d25d-466b-94f2-18308ca85810' AND siteguid = '2da8b8e5-7a47-4f1f-a950-ec140dc87a72'
17:16:47 tx(upload_table): UPDATE r$_stockcurrent SET attributesetinstance_id = null, units = -99.6000000000001, sflag = true WHERE location = '0' AND product = 'd3729116-3a39-41d4-8a20-708d9ad3cf59' AND siteguid = '2da8b8e5-7a47-4f1f-a950-ec140dc87a72'
17:16:47 tx(upload_table): UPDATE r$_stockcurrent SET attributesetinstance_id = null, units = -100.5, sflag = true WHERE location = '0' AND product = 'd3729116-3a39-41d4-8a20-708d9ad3cf59' AND siteguid = '2da8b8e5-7a47-4f1f-a950-ec140dc87a72'
17:16:47 tx(upload_table): UPDATE r$_stockcurrent SET attributesetinstance_id = null, units = -51.1, sflag = true WHERE location = '0' AND product = '0e0f5b40-d25d-466b-94f2-18308ca85810' AND siteguid = '2da8b8e5-7a47-4f1f-a950-ec140dc87a72'
17:16:47 tx(upload_table): UPDATE r$_stockcurrent SET attributesetinstance_id = null, units = -125.4, sflag = true WHERE location = '0' AND product = '068325cf-4a73-4649-818c-51a40ee01619' AND siteguid = '2da8b8e5-7a47-4f1f-a950-ec140dc87a72'
17:16:48 tx(upload_table): UPDATE r$_stockcurrent SET attributesetinstance_id = null, units = -126.3, sflag = true WHERE location = '0' AND product = '068325cf-4a73-4649-818c-51a40ee01619' AND siteguid = '2da8b8e5-7a47-4f1f-a950-ec140dc87a72'
17:16:48 tx(upload_table): UPDATE r$_stockcurrent SET attributesetinstance_id = null, units = -52, sflag = true WHERE location = '0' AND product = '0e0f5b40-d25d-466b-94f2-18308ca85810' AND siteguid = '2da8b8e5-7a47-4f1f-a950-ec140dc87a72'
17:16:48 tx(upload_table): UPDATE r$_stockcurrent SET attributesetinstance_id = null, units = -29, sflag = true WHERE location = '0' AND product = 'd25ade5d-b0e3-4a89-a7fa-9cf395ac658a' AND siteguid = '2da8b8e5-7a47-4f1f-a950-ec140dc87a72'
17:16:48 tx(upload_table): UPDATE r$_stockcurrent SET attributesetinstance_id = null, units = -29.9, sflag = true WHERE location = '0' AND product = 'd25ade5d-b0e3-4a89-a7fa-9cf395ac658a' AND siteguid = '2da8b8e5-7a47-4f1f-a950-ec140dc87a72'
17:16:48 tx(upload_table): UPDATE r$_stockcurrent SET attributesetinstance_id = null, units = -127.2, sflag = true WHERE location = '0' AND product = '068325cf-4a73-4649-818c-51a40ee01619' AND siteguid = '2da8b8e5-7a47-4f1f-a950-ec140dc87a72'
17:16:48 tx(upload_table): UPDATE r$_stockcurrent SET attributesetinstance_id = null, units = -128.1, sflag = true WHERE location = '0' AND product = '068325cf-4a73-4649-818c-51a40ee01619' AND siteguid = '2da8b8e5-7a47-4f1f-a950-ec140dc87a72'
17:16:48 tx(upload_table): UPDATE r$_stockcurrent SET attributesetinstance_id = null, units = -30.8, sflag = true WHERE location = '0' AND product = 'd25ade5d-b0e3-4a89-a7fa-9cf395ac658a' AND siteguid = '2da8b8e5-7a47-4f1f-a950-ec140dc87a72'
17:16:48 tx(upload_table): UPDATE r$_stockcurrent SET attributesetinstance_id = null, units = -31.7, sflag = true WHERE location = '0' AND product = 'd25ade5d-b0e3-4a89-a7fa-9cf395ac658a' AND siteguid = '2da8b8e5-7a47-4f1f-a950-ec140dc87a72'
17:16:48 tx(upload_table): UPDATE r$_stockcurrent SET attributesetinstance_id = null, units = -32.6, sflag = true WHERE location = '0' AND product = 'd25ade5d-b0e3-4a89-a7fa-9cf395ac658a' AND siteguid = '2da8b8e5-7a47-4f1f-a950-ec140dc87a72'
17:16:48 tx(upload_table): UPDATE r$_stockcurrent SET attributesetinstance_id = null, units = -52.2, sflag = true WHERE location = '0' AND product = '018a4943-8bc9-4760-bb0c-152133dbd3e3' AND siteguid = '2da8b8e5-7a47-4f1f-a950-ec140dc87a72'
17:16:48 tx(upload_table): UPDATE r$_stockcurrent SET attributesetinstance_id = null, units = -53.2, sflag = true WHERE location = '0' AND product = '018a4943-8bc9-4760-bb0c-152133dbd3e3' AND siteguid = '2da8b8e5-7a47-4f1f-a950-ec140dc87a72'
17:16:48 tx(upload_table): UPDATE r$_stockcurrent SET attributesetinstance_id = null, units = -101.4, sflag = true WHERE location = '0' AND product = 'd3729116-3a39-41d4-8a20-708d9ad3cf59' AND siteguid = '2da8b8e5-7a47-4f1f-a950-ec140dc87a72'
17:16:48 tx(upload_table): UPDATE r$_stockcurrent SET attributesetinstance_id = null, units = -102.3, sflag = true WHERE location = '0' AND product = 'd3729116-3a39-41d4-8a20-708d9ad3cf59' AND siteguid = '2da8b8e5-7a47-4f1f-a950-ec140dc87a72'
17:16:48 tx(upload_table): UPDATE r$_stockcurrent SET attributesetinstance_id = null, units = -103.2, sflag = true WHERE location = '0' AND product = 'd3729116-3a39-41d4-8a20-708d9ad3cf59' AND siteguid = '2da8b8e5-7a47-4f1f-a950-ec140dc87a72'
17:16:48 tx(upload_table): UPDATE r$_stockcurrent SET attributesetinstance_id = null, units = -104.1, sflag = true WHERE location = '0' AND product = 'd3729116-3a39-41d4-8a20-708d9ad3cf59' AND siteguid = '2da8b8e5-7a47-4f1f-a950-ec140dc87a72'
17:16:48 tx(upload_table): UPDATE r$_stockcurrent SET attributesetinstance_id = null, units = -105, sflag = true WHERE location = '0' AND product = 'd3729116-3a39-41d4-8a20-708d9ad3cf59' AND siteguid = '2da8b8e5-7a47-4f1f-a950-ec140dc87a72'
17:16:48 tx(upload_table): UPDATE r$_stockcurrent SET attributesetinstance_id = null, units = -105.9, sflag = true WHERE location = '0' AND product = 'd3729116-3a39-41d4-8a20-708d9ad3cf59' AND siteguid = '2da8b8e5-7a47-4f1f-a950-ec140dc87a72'
17:16:48 tx(upload_table): UPDATE r$_stockcurrent SET attributesetinstance_id = null, units = -54.2, sflag = true WHERE location = '0' AND product = '018a4943-8bc9-4760-bb0c-152133dbd3e3' AND siteguid = '2da8b8e5-7a47-4f1f-a950-ec140dc87a72'
17:16:48 tx(upload_table): UPDATE r$_stockcurrent SET attributesetinstance_id = null, units = -55.2, sflag = true WHERE location = '0' AND product = '018a4943-8bc9-4760-bb0c-152133dbd3e3' AND siteguid = '2da8b8e5-7a47-4f1f-a950-ec140dc87a72'
17:16:49 tx(upload_table): UPDATE r$_stockcurrent SET attributesetinstance_id = null, units = -56.2, sflag = true WHERE location = '0' AND product = '018a4943-8bc9-4760-bb0c-152133dbd3e3' AND siteguid = '2da8b8e5-7a47-4f1f-a950-ec140dc87a72'
17:16:49 tx(upload_table): UPDATE r$_stockcurrent SET attributesetinstance_id = null, units = -57.2, sflag = true WHERE location = '0' AND product = '018a4943-8bc9-4760-bb0c-152133dbd3e3' AND siteguid = '2da8b8e5-7a47-4f1f-a950-ec140dc87a72'
17:16:49 tx(upload_table): UPDATE r$_stockcurrent SET attributesetinstance_id = null, units = -53, sflag = true WHERE location = '0' AND product = '0e0f5b40-d25d-466b-94f2-18308ca85810' AND siteguid = '2da8b8e5-7a47-4f1f-a950-ec140dc87a72'
17:16:49 tx(upload_table): UPDATE r$_stockcurrent SET attributesetinstance_id = null, units = -54, sflag = true WHERE location = '0' AND product = '0e0f5b40-d25d-466b-94f2-18308ca85810' AND siteguid = '2da8b8e5-7a47-4f1f-a950-ec140dc87a72'
17:16:49 tx(upload_table): UPDATE r$_stockcurrent SET attributesetinstance_id = null, units = -55, sflag = true WHERE location = '0' AND product = '0e0f5b40-d25d-466b-94f2-18308ca85810' AND siteguid = '2da8b8e5-7a47-4f1f-a950-ec140dc87a72'
17:16:49 tx(upload_table): UPDATE r$_stockcurrent SET attributesetinstance_id = null, units = -56, sflag = true WHERE location = '0' AND product = '0e0f5b40-d25d-466b-94f2-18308ca85810' AND siteguid = '2da8b8e5-7a47-4f1f-a950-ec140dc87a72'
17:16:49 tx(upload_table): UPDATE ffba_pos_repl_table SET last_upld_srv_id = 741, last_upld_srv_dt = now() WHERE ctid = '(5,22)'
17:16:49 tx(upload_table): commit
17:16:49 tx(upload_table)/end; duration: 05.259, success: true
17:16:49 disconnect(ffba_prod@ffba_prod)
17:16:49 task(upload): SELECT max(r$_id) FROM r$u003_00001_resources     
17:16:49 task(upload): SELECT c.relname AS obj_name, a.attname AS col_name, pg_catalog.format_type(a.atttypid, a.atttypmod) AS col_type, a.attnum AS col_num, a.attnotnull AS not_null FROM pg_catalog.pg_attribute a, pg_catalog.pg_namespace n, pg_catalog.pg_class c WHERE c.relname in ('r$u003_00001_resources') AND n.oid = c.relnamespace AND a.attrelid = c.oid AND a.attnum > 0 AND NOT a.attisdropped ORDER BY c.relname, a.attnum
17:16:49 connect(ffba_prod@ffba_prod); useCount: 1
17:16:49 tx(upload_table)/start
17:16:49 tx(upload_table): begin
17:16:49 tx(upload_table): SELECT ctid, coalesce(last_upld_srv_id, -1) AS last_upld_srv_id FROM ffba_pos_repl_table WHERE pos_id = 1 AND table_name = 'resources' FOR UPDATE
17:16:49 tx(upload_table): SELECT id, name, restype, content, sflag, siteguid, r$_id, r$_op, r$_create_dt FROM r$u003_00001_resources  WHERE r$_id > 309    ORDER BY r$_id LIMIT 100
17:16:49 tx(upload_table): UPDATE r$_resources SET name = 'IRBIS-TW95/properties', restype = 0, content = '\x3c3f786d6c2076657273696f6e3d22312e302220656e636f64696e673d225554462d3822207374616e64616c6f6e653d226e6f223f3e0d0a3c21444f43545950452070726f706572746965732053595354454d2022687474703a2f2f6a6176612e73756e2e636f6d2f6474642f70726f706572746965732e647464223e0d0a3c70726f706572746965733e0d0a3c636f6d6d656e743e4368726f6d697320504f533c2f636f6d6d656e743e0d0a3c656e747279206b65793d226c6f636174696f6e223e303c2f656e7472793e0d0a3c656e747279206b65793d2261637469766563617368223e65643665393366332d643636312d343738632d393937612d3935333437343838363330633c2f656e7472793e0d0a3c2f70726f706572746965733e0d0a', sflag = true WHERE id = '8c953110-4d7a-45e6-bbb0-f499fd31203d' AND siteguid = '2da8b8e5-7a47-4f1f-a950-ec140dc87a72'
17:16:49 tx(upload_table): UPDATE r$_resources SET name = 'IRBIS-TW95/properties', restype = 0, content = '\x3c3f786d6c2076657273696f6e3d22312e302220656e636f64696e673d225554462d3822207374616e64616c6f6e653d226e6f223f3e0d0a3c21444f43545950452070726f706572746965732053595354454d2022687474703a2f2f6a6176612e73756e2e636f6d2f6474642f70726f706572746965732e647464223e0d0a3c70726f706572746965733e0d0a3c636f6d6d656e743e4368726f6d697320504f533c2f636f6d6d656e743e0d0a3c656e747279206b65793d226c6f636174696f6e223e303c2f656e7472793e0d0a3c656e747279206b65793d2261637469766563617368223e65643665393366332d643636312d343738632d393937612d3935333437343838363330633c2f656e7472793e0d0a3c2f70726f706572746965733e0d0a', sflag = true WHERE id = '8c953110-4d7a-45e6-bbb0-f499fd31203d' AND siteguid = '2da8b8e5-7a47-4f1f-a950-ec140dc87a72'
17:16:49 tx(upload_table): UPDATE r$_resources SET name = 'IRBIS-TW95/properties', restype = 0, content = '\x3c3f786d6c2076657273696f6e3d22312e302220656e636f64696e673d225554462d3822207374616e64616c6f6e653d226e6f223f3e0d0a3c21444f43545950452070726f706572746965732053595354454d2022687474703a2f2f6a6176612e73756e2e636f6d2f6474642f70726f706572746965732e647464223e0d0a3c70726f706572746965733e0d0a3c636f6d6d656e743e4368726f6d697320504f533c2f636f6d6d656e743e0d0a3c656e747279206b65793d226c6f636174696f6e223e303c2f656e7472793e0d0a3c656e747279206b65793d2261637469766563617368223e65643665393366332d643636312d343738632d393937612d3935333437343838363330633c2f656e7472793e0d0a3c2f70726f706572746965733e0d0a', sflag = true WHERE id = '8c953110-4d7a-45e6-bbb0-f499fd31203d' AND siteguid = '2da8b8e5-7a47-4f1f-a950-ec140dc87a72'
17:16:49 tx(upload_table): UPDATE ffba_pos_repl_table SET last_upld_srv_id = 312, last_upld_srv_dt = now() WHERE ctid = '(2,3)'
17:16:49 tx(upload_table): commit
17:16:50 tx(upload_table)/end; duration: .446, success: true
17:16:50 disconnect(ffba_prod@ffba_prod)
17:16:50 task(upload): SELECT max(r$_id) FROM r$u003_00001_closedcash     
17:16:50 task(upload): SELECT c.relname AS obj_name, a.attname AS col_name, pg_catalog.format_type(a.atttypid, a.atttypmod) AS col_type, a.attnum AS col_num, a.attnotnull AS not_null FROM pg_catalog.pg_attribute a, pg_catalog.pg_namespace n, pg_catalog.pg_class c WHERE c.relname in ('r$u003_00001_closedcash') AND n.oid = c.relnamespace AND a.attrelid = c.oid AND a.attnum > 0 AND NOT a.attisdropped ORDER BY c.relname, a.attnum
17:16:50 connect(ffba_prod@ffba_prod); useCount: 2
17:16:50 tx(upload_table)/start
17:16:50 tx(upload_table): begin
17:16:50 tx(upload_table): SELECT ctid, coalesce(last_upld_srv_id, -1) AS last_upld_srv_id FROM ffba_pos_repl_table WHERE pos_id = 1 AND table_name = 'closedcash' FOR UPDATE
17:16:50 tx(upload_table): SELECT money, host, hostsequence, datestart, dateend, nosales, sflag, siteguid, r$_id, r$_op, r$_create_dt FROM r$u003_00001_closedcash  WHERE r$_id > 15    ORDER BY r$_id LIMIT 100
17:16:50 tx(upload_table): UPDATE r$_closedcash SET host = 'IRBIS-TW95', hostsequence = 8, datestart = '2019-02-21T20:03:09.843+03:00', dateend = '2019-02-22T20:04:04.490+03:00', nosales = 0, sflag = true WHERE money = '0df77ace-941d-4eb5-a049-01a531d20583' AND siteguid = '2da8b8e5-7a47-4f1f-a950-ec140dc87a72'
17:16:50 tx(upload_table): rollback
17:16:50 tx(upload_table)/end; duration: .271, success: false
17:16:50 disconnect(ffba_prod@ffba_prod)
17:16:50 task(upload)/end; duration: 06.592, success: false
17:16:50 disconnect(ffba_prod@ffba_prod)
admin: message=Cannot read property 'pgp' of undefined
stack=TypeError: Cannot read property 'pgp' of undefined
    at module.exports (D:\dev\pg-utl\dal\generic\pg_insert.js:15:30)
    at Object.apply (D:\dev\pg-utl\node_modules\import-lazy\index.js:15:20)
    at Task.db.tx (D:\dev\ffba-pos\repl\upload.js:111:25)
